#
# There is insufficient memory for the Java Runtime Environment to continue.
# Native memory allocation (malloc) failed to allocate 1048576 bytes for AllocateHeap
# Possible reasons:
#   The system is out of physical RAM or swap space
#   The process is running with CompressedOops enabled, and the Java Heap may be blocking the growth of the native heap
# Possible solutions:
#   Reduce memory load on the system
#   Increase physical memory or swap space
#   Check if swap backing store is full
#   Decrease Java heap size (-Xmx/-Xms)
#   Decrease number of Java threads
#   Decrease Java thread stack sizes (-Xss)
#   Set larger code cache with -XX:ReservedCodeCacheSize=
#   JVM is running with Unscaled Compressed Oops mode in which the Java heap is
#     placed in the first 4GB address space. The Java Heap base address is the
#     maximum limit for the native heap growth. Please use -XX:HeapBaseMinAddress
#     to set the Java Heap base and to place the Java Heap above 4GB virtual address.
# This output file may be truncated or incomplete.
#
#  Out of Memory Error (memory/allocation.inline.hpp:61), pid=6968, tid=0x0000000000001d38
#
# JRE version:  (8.0_381) (build )
# Java VM: Java HotSpot(TM) 64-Bit Server VM (25.381-b09 mixed mode windows-amd64 compressed oops)
# Failed to write core dump. Minidumps are not enabled by default on client versions of Windows
#

---------------  T H R E A D  ---------------

Current thread (0x00000173e7267000):  JavaThread "Unknown thread" [_thread_in_vm, id=7480, stack(0x000000203ff00000,0x0000002040000000)]

Stack: [0x000000203ff00000,0x0000002040000000]
Native frames: (J=compiled Java code, j=interpreted, Vv=VM code, C=native code)
V  [jvm.dll+0x353039]
V  [jvm.dll+0x290052]
V  [jvm.dll+0x290c1d]
V  [jvm.dll+0x285255]
V  [jvm.dll+0x502d]
V  [jvm.dll+0x3fa2f8]
V  [jvm.dll+0x3facee]
V  [jvm.dll+0x1058ff]
V  [jvm.dll+0x21b25b]
V  [jvm.dll+0x24c09a]
V  [jvm.dll+0x16d436]
C  [javaw.exe+0x2422]
C  [javaw.exe+0x16be0]
C  [KERNEL32.DLL+0x17344]
C  [ntdll.dll+0x526b1]


---------------  P R O C E S S  ---------------

Java Threads: ( => current thread )

Other Threads:

=>0x00000173e7267000 (exited) JavaThread "Unknown thread" [_thread_in_vm, id=7480, stack(0x000000203ff00000,0x0000002040000000)]

VM state:not at safepoint (normal execution)

VM Mutex/Monitor currently owned by a thread: None

heap address: 0x0000000081e00000, size: 2018 MB, Compressed Oops mode: 32-bit
Narrow klass base: 0x0000000000000000, Narrow klass shift: 3
Compressed class space size: 1073741824 Address: 0x0000000100000000

Heap:
 PSYoungGen      total 38400K, used 665K [0x00000000d5f80000, 0x00000000d8a00000, 0x0000000100000000)
  eden space 33280K, 2% used [0x00000000d5f80000,0x00000000d6026670,0x00000000d8000000)
  from space 5120K, 0% used [0x00000000d8500000,0x00000000d8500000,0x00000000d8a00000)
  to   space 5120K, 0% used [0x00000000d8000000,0x00000000d8000000,0x00000000d8500000)
 ParOldGen       total 87552K, used 0K [0x0000000081e00000, 0x0000000087380000, 0x00000000d5f80000)
  object space 87552K, 0% used [0x0000000081e00000,0x0000000081e00000,0x0000000087380000)
 Metaspace       used 751K, capacity 4480K, committed 4480K, reserved 1056768K
  class space    used 76K, capacity 384K, committed 384K, reserved 1048576K

Card table byte_map: [0x00000173f8060000,0x00000173f8460000] byte_map_base: 0x00000173f7c51000

Marking Bits: (ParMarkBitMap*) 0x00007ffdc3596040
 Begin Bits: [0x00000173f8710000, 0x00000173fa698000)
 End Bits:   [0x00000173fa698000, 0x00000173fc620000)

Polling page: 0x00000173e7450000

CodeCache: size=245760Kb used=329Kb max_used=329Kb free=245430Kb
 bounds [0x00000173e8ca0000, 0x00000173e8f10000, 0x00000173f7ca0000]
 total_blobs=58 nmethods=0 adapters=38
 compilation: enabled

Compilation events (0 events):
No events

GC Heap History (0 events):
No events

Deoptimization events (0 events):
No events

Classes redefined (0 events):
No events

Internal exceptions (0 events):
No events

Events (10 events):
Event: 0.040 loading class java/lang/Short
Event: 0.040 loading class java/lang/Short done
Event: 0.040 loading class java/lang/Integer
Event: 0.040 loading class java/lang/Integer done
Event: 0.040 loading class java/lang/Long
Event: 0.040 loading class java/lang/Long done
Event: 0.041 loading class java/lang/NullPointerException
Event: 0.041 loading class java/lang/NullPointerException done
Event: 0.041 loading class java/lang/ArithmeticException
Event: 0.042 loading class java/lang/ArithmeticException done


Dynamic libraries:
0x00007ff7c99b0000 - 0x00007ff7c99fa000 	C:\Program Files\Java\jre-1.8\bin\javaw.exe
0x00007ffdfa250000 - 0x00007ffdfa448000 	C:\WINDOWS\SYSTEM32\ntdll.dll
0x00007ffdf8930000 - 0x00007ffdf89ed000 	C:\WINDOWS\System32\KERNEL32.DLL
0x00007ffdf7c20000 - 0x00007ffdf7f16000 	C:\WINDOWS\System32\KERNELBASE.dll
0x00007ffdf8880000 - 0x00007ffdf892f000 	C:\WINDOWS\System32\ADVAPI32.dll
0x00007ffdf8d90000 - 0x00007ffdf8e2e000 	C:\WINDOWS\System32\msvcrt.dll
0x00007ffdf9380000 - 0x00007ffdf941c000 	C:\WINDOWS\System32\sechost.dll
0x00007ffdf9220000 - 0x00007ffdf9346000 	C:\WINDOWS\System32\RPCRT4.dll
0x00007ffdf8ec0000 - 0x00007ffdf905e000 	C:\WINDOWS\System32\USER32.dll
0x00007ffdf7b60000 - 0x00007ffdf7b82000 	C:\WINDOWS\System32\win32u.dll
0x00007ffdf9350000 - 0x00007ffdf937c000 	C:\WINDOWS\System32\GDI32.dll
0x00007ffdf7fd0000 - 0x00007ffdf80ea000 	C:\WINDOWS\System32\gdi32full.dll
0x00007ffdf7ac0000 - 0x00007ffdf7b5d000 	C:\WINDOWS\System32\msvcp_win.dll
0x00007ffdf8160000 - 0x00007ffdf8260000 	C:\WINDOWS\System32\ucrtbase.dll
0x00007ffde5c60000 - 0x00007ffde5efa000 	C:\WINDOWS\WinSxS\amd64_microsoft.windows.common-controls_6595b64144ccf1df_6.0.19041.3636_none_60b6a03d71f818d5\COMCTL32.dll
0x00007ffdf8780000 - 0x00007ffdf87b0000 	C:\WINDOWS\System32\IMM32.DLL
0x00007ffdeed20000 - 0x00007ffdeed3b000 	C:\Program Files\Java\jre-1.8\bin\vcruntime140.dll
0x00007ffdeed10000 - 0x00007ffdeed1c000 	C:\Program Files\Java\jre-1.8\bin\vcruntime140_1.dll
0x00007ffddee50000 - 0x00007ffddeede000 	C:\Program Files\Java\jre-1.8\bin\msvcp140.dll
0x00007ffdc2d60000 - 0x00007ffdc3610000 	C:\Program Files\Java\jre-1.8\bin\server\jvm.dll
0x00007ffdf8b60000 - 0x00007ffdf8b68000 	C:\WINDOWS\System32\PSAPI.DLL
0x00007ffde5f00000 - 0x00007ffde5f09000 	C:\WINDOWS\SYSTEM32\WSOCK32.dll
0x00007ffdf9060000 - 0x00007ffdf90cb000 	C:\WINDOWS\System32\WS2_32.dll
0x00007ffde70d0000 - 0x00007ffde70f7000 	C:\WINDOWS\SYSTEM32\WINMM.dll
0x00007ffdeb200000 - 0x00007ffdeb20a000 	C:\WINDOWS\SYSTEM32\VERSION.dll
0x00007ffdf57f0000 - 0x00007ffdf5802000 	C:\WINDOWS\SYSTEM32\kernel.appcore.dll
0x00007ffdeed00000 - 0x00007ffdeed10000 	C:\Program Files\Java\jre-1.8\bin\verify.dll
0x00007ffde5870000 - 0x00007ffde589b000 	C:\Program Files\Java\jre-1.8\bin\java.dll
0x00007ffde9df0000 - 0x00007ffde9e08000 	C:\Program Files\Java\jre-1.8\bin\zip.dll
0x00007ffde71d0000 - 0x00007ffde73b4000 	C:\WINDOWS\SYSTEM32\dbghelp.dll
0x00007ffdf7b90000 - 0x00007ffdf7c12000 	C:\WINDOWS\System32\bcryptPrimitives.dll

VM Arguments:
jvm_args: -Dfile.encoding=UTF-8 -Dstdout.encoding=UTF-8 -Dstderr.encoding=UTF-8 
java_command: test.Test
java_class_path (initial): C:\Users\chedi\eclipse-workspace\client\bin;C:\Users\chedi\Downloads\jersey-20231123T101008Z-001\jersey\activation-1.1.jar;C:\Users\chedi\Downloads\jersey-20231123T101008Z-001\jersey\asm-3.1.jar;C:\Users\chedi\Downloads\jersey-20231123T101008Z-001\jersey\com.sun.jersey.jersey-servlet-1.17.jar;C:\Users\chedi\Downloads\jersey-20231123T101008Z-001\jersey\jackson-core-asl-1.9.2.jar;C:\Users\chedi\Downloads\jersey-20231123T101008Z-001\jersey\jackson-jaxrs-1.9.2.jar;C:\Users\chedi\Downloads\jersey-20231123T101008Z-001\jersey\jackson-mapper-asl-1.9.2.jar;C:\Users\chedi\Downloads\jersey-20231123T101008Z-001\jersey\jackson-xc-1.9.2.jar;C:\Users\chedi\Downloads\jersey-20231123T101008Z-001\jersey\jaxb-api-2.2.2.jar;C:\Users\chedi\Downloads\jersey-20231123T101008Z-001\jersey\jaxb-impl-2.2.3-1.jar;C:\Users\chedi\Downloads\jersey-20231123T101008Z-001\jersey\jersey-client-1.17.jar;C:\Users\chedi\Downloads\jersey-20231123T101008Z-001\jersey\jersey-core-1.17.1.jar;C:\Users\chedi\Downloads\jersey-20231123T101008Z-001\jersey\jersey-core-1.17.jar;C:\Users\chedi\Downloads\jersey-20231123T101008Z-001\jersey\jersey-json-1.17.1.jar;C:\Users\chedi\Downloads\jersey-20231123T101008Z-001\jersey\jersey-server-1.17.1.jar;C:\Users\chedi\Downloads\jersey-20231123T101008Z-001\jersey\jersey-server-1.17.jar;C:\Users\chedi\Downloads\jersey-20231123T101008Z-001\jersey\jersey-servlet-1.17.jar;C:\Users\chedi\Downloads\jersey-20231123T101008Z-001\jersey\jettison-1.1.jar;C:\Users\chedi\Downloads\jersey-20231123T101008Z-001\jersey\stax-api-1.0-2.jar
Launcher Type: SUN_STANDARD

Environment Variables:
JAVA_HOME=C:\java\jdk1.8.0_202\bin
PATH=C:\Program Files\Eclipse Foundation\jdk-8.0.302.8-hotspot\bin;C:\Program Files\Common Files\Oracle\Java\javapath;C:\Program Files (x86)\Common Files\Oracle\Java\javapath;C:\Program Files (x86)\OpenLogic\jre-8.0.382.05-hotspot\bin;C:\Program Files\Python311\Scripts\;C:\Program Files\Python311\;C:\WINDOWS\system32;C:\WINDOWS;C:\WINDOWS\System32\Wbem;C:\WINDOWS\System32\WindowsPowerShell\v1.0\;C:\WINDOWS\System32\OpenSSH\;C:\Users\chedi\Downloads\node-v18.16.1\node-v18.16.1;C:\Program Files\nodejs\;C:\Program Files\Git\cmd;C:\Program Files\Microsoft SQL Server\130\Tools\Binn\;C:\Program Files\dotnet\;C:\hadoop-3.2.4\bin;C:\java\jdk1.8.0_202\bin;C:\hadoop\bin;C:\hadoop\sbin;C:\Users\chedi\AppData\Local\Microsoft\WindowsApps;C:\Users\chedi\AppData\Local\Programs\Microsoft VS Code\bin;C:\Users\chedi\AppData\Roaming\npm;C:\mobile\flutter_windows_3.10.6-stable\flutter\bin;C:\Program Files\Python311;C:\mongosh\mongosh-1.10.6-win32-x64\bin;C:\Program Files\dotnet;C:\Users\chedi\.dotnet\tools;;C:\Program Files\JetBrains\IntelliJ IDEA 2023.2.5\bin;
USERNAME=chedi
OS=Windows_NT
PROCESSOR_IDENTIFIER=Intel64 Family 6 Model 61 Stepping 4, GenuineIntel



---------------  S Y S T E M  ---------------

OS: Windows 10 , 64 bit Build 19041 (10.0.19041.3636)

CPU:total 4 (initial active 4) (2 cores per cpu, 2 threads per core) family 6 model 61 stepping 4, cmov, cx8, fxsr, mmx, sse, sse2, sse3, ssse3, sse4.1, sse4.2, popcnt, avx, avx2, aes, clmul, erms, rtm, 3dnowpref, lzcnt, ht, tsc, tscinvbit, bmi1, bmi2, adx

Memory: 4k page, physical 8260604k(2081372k free), swap 23355404k(4764k free)

vm_info: Java HotSpot(TM) 64-Bit Server VM (25.381-b09) for windows-amd64 JRE (1.8.0_381-b09), built on Jun 14 2023 13:50:38 by "java_re" with MS VC++ 17.1 (VS2022)

time: Tue Jan  2 11:20:41 2024
timezone: W. Central Africa Standard Time
elapsed time: 0.068399 seconds (0d 0h 0m 0s)

